androidplugin/build/outputs/logs/manifest-merger-debug-report.txt
-- Merging decision tree log ---
manifest
ADDED from src/main/AndroidManifest.xml:2:1-23:12
INJECTED from src/main/AndroidManifest.xml:2:1-23:12
INJECTED from src/main/AndroidManifest.xml:2:1-23:12
INJECTED from src/main/AndroidManifest.xml:2:1-23:12
INJECTED from src/main/AndroidManifest.xml:2:1-23:12
INJECTED from src/main/AndroidManifest.xml:2:1-23:12
INJECTED from src/main/AndroidManifest.xml:2:1-23:12
	package
		ADDED from src/main/AndroidManifest.xml:3:5-48
		INJECTED from src/main/AndroidManifest.xml
		INJECTED from src/main/AndroidManifest.xml
	android:versionName
		ADDED from src/main/AndroidManifest.xml:5:5-30
		INJECTED from src/main/AndroidManifest.xml
		INJECTED from src/main/AndroidManifest.xml
	xmlns:android
		ADDED from src/main/AndroidManifest.xml:2:11-69
	android:versionCode
		ADDED from src/main/AndroidManifest.xml:4:5-28
		INJECTED from src/main/AndroidManifest.xml
		INJECTED from src/main/AndroidManifest.xml
application
ADDED from src/main/AndroidManifest.xml:7:5-21:19
	android:supportsRtl
		ADDED from src/main/AndroidManifest.xml:9:9-35
	android:allowBackup
		ADDED from src/main/AndroidManifest.xml:8:9-35
activity#com.unity.uiwidgets.androidplugin.UIWidgetsMainActivity
ADDED from src/main/AndroidManifest.xml:10:9-20:20
	android:name
		ADDED from src/main/AndroidManifest.xml:10:19-89
intent-filter#action:name:android.intent.action.MAIN+category:name:android.intent.category.LAUNCHER
ADDED from src/main/AndroidManifest.xml:11:13-15:29
action#android.intent.action.MAIN
ADDED from src/main/AndroidManifest.xml:12:17-69
	android:name
		ADDED from src/main/AndroidManifest.xml:12:25-66
category#android.intent.category.LAUNCHER
ADDED from src/main/AndroidManifest.xml:14:17-77
	android:name
		ADDED from src/main/AndroidManifest.xml:14:27-74
meta-data#unityplayer.UnityActivity
ADDED from src/main/AndroidManifest.xml:17:13-19:40
	android:value
		ADDED from src/main/AndroidManifest.xml:19:17-37
	android:name
		ADDED from src/main/AndroidManifest.xml:18:17-57
uses-sdk
INJECTED from src/main/AndroidManifest.xml reason: use-sdk injection requested
INJECTED from src/main/AndroidManifest.xml
INJECTED from src/main/AndroidManifest.xml
INJECTED from src/main/AndroidManifest.xml
INJECTED from src/main/AndroidManifest.xml
	android:targetSdkVersion
		INJECTED from src/main/AndroidManifest.xml
		ADDED from src/main/AndroidManifest.xml
		INJECTED from src/main/AndroidManifest.xml
	android:minSdkVersion
		INJECTED from src/main/AndroidManifest.xml
		ADDED from src/main/AndroidManifest.xml
		INJECTED from src/main/AndroidManifest.xml